2025-03-10 14:03:09,507 [INFO] Activator:176 - 


2025-03-10 14:03:09,512 [INFO] Activator:177 - !SESSION log4j initialized
2025-03-10 14:03:14,352 [INFO] LogOutputStream:77 - [STDOUT_REDIRECT] 
2025-03-10 14:03:15,692 [INFO] ApplicationProperties:184 - Using Application install path: C:\ST\STM32CubeIDE_1.18.0\STM32CubeIDE\plugins\com.st.stm32cube.common.mx_6.14.0.202502271554
2025-03-10 14:03:15,710 [INFO] DbMcusXml:78 - Set database path to: C:\ST\STM32CubeIDE_1.18.0\STM32CubeIDE\plugins\com.st.stm32cube.common.mx_6.14.0.202502271554\\db\/mcu/
2025-03-10 14:03:15,710 [INFO] ApiDb:274 - Set plugin database path to: C:\ST\STM32CubeIDE_1.18.0\STM32CubeIDE\plugins\com.st.stm32cube.common.mx_6.14.0.202502271554\\db\/plugins/boardmanager/
2025-03-10 14:03:15,710 [WARN] ApiDb:259 - Overriding images path with different value:  => C:\ST\STM32CubeIDE_1.18.0\STM32CubeIDE\plugins\com.st.stm32cube.common.mx_6.14.0.202502271554\\db\/plugins/mcufinder/images/
2025-03-10 14:03:15,718 [INFO] ApiDb:250 - Set database path to: C:\Users\aryy\.stmcufinder\plugins\mcufinder//mcu/
2025-03-10 14:03:15,719 [INFO] DbMcusAds:125 - Set database path to: C:\Users\aryy\.stmcufinder\plugins\mcufinder//mcu/
2025-03-10 14:03:15,722 [INFO] CrossReferenceDbSqlite:203 - Set database path to: C:\Users\aryy\.stmcufinder\plugins\mcufinder//mcu/cs/
2025-03-10 14:03:15,830 [INFO] RulesReader:64 - Compatibility file has been processed (301 Rules)
2025-03-10 14:03:15,907 [INFO] DbMcusXml:78 - Set database path to: C:\ST\STM32CubeIDE_1.18.0\STM32CubeIDE\plugins\com.st.stm32cube.common.mx_6.14.0.202502271554\\db\/mcu/
2025-03-10 14:03:15,907 [INFO] ApiDb:274 - Set plugin database path to: C:\ST\STM32CubeIDE_1.18.0\STM32CubeIDE\plugins\com.st.stm32cube.common.mx_6.14.0.202502271554\\db\/plugins/boardmanager/
2025-03-10 14:03:15,907 [INFO] ApiDb:261 - Set plugin images path to: C:\ST\STM32CubeIDE_1.18.0\STM32CubeIDE\plugins\com.st.stm32cube.common.mx_6.14.0.202502271554\\db\/plugins/mcufinder/images/
2025-03-10 14:03:15,907 [WARN] DbFile:41 - Overriding database path with different value: C:\Users\aryy\.stmcufinder\plugins\mcufinder/ => C:\Users\aryy\.stmcufinder\plugins\mcufinder
2025-03-10 14:03:15,907 [INFO] ApiDb:250 - Set database path to: C:\Users\aryy\.stmcufinder\plugins\mcufinder//mcu/
2025-03-10 14:03:15,907 [WARN] DbFile:41 - Overriding database path with different value: C:\Users\aryy\.stmcufinder\plugins\mcufinder/ => C:\Users\aryy\.stmcufinder\plugins\mcufinder
2025-03-10 14:03:15,907 [INFO] DbMcusAds:125 - Set database path to: C:\Users\aryy\.stmcufinder\plugins\mcufinder//mcu/
2025-03-10 14:03:15,907 [WARN] DbFile:41 - Overriding database path with different value: C:\Users\aryy\.stmcufinder\plugins\mcufinder/ => C:\Users\aryy\.stmcufinder\plugins\mcufinder
2025-03-10 14:03:15,908 [WARN] DbFile:41 - Overriding database path with different value: C:\Users\aryy\.stmcufinder\plugins\mcufinder/ => C:\Users\aryy\.stmcufinder\plugins\mcufinder
2025-03-10 14:03:15,908 [INFO] CrossReferenceDbSqlite:203 - Set database path to: C:\Users\aryy\.stmcufinder\plugins\mcufinder//mcu/cs/
2025-03-10 14:03:15,978 [INFO] MainPanel:272 - HeapMemory: 268435456
2025-03-10 14:03:16,090 [INFO] DbMcusXml:78 - Set database path to: C:\ST\STM32CubeIDE_1.18.0\STM32CubeIDE\plugins\com.st.stm32cube.common.mx_6.14.0.202502271554\\db\/mcu/
2025-03-10 14:03:16,090 [INFO] ApiDb:274 - Set plugin database path to: C:\ST\STM32CubeIDE_1.18.0\STM32CubeIDE\plugins\com.st.stm32cube.common.mx_6.14.0.202502271554\\db\/plugins/boardmanager/
2025-03-10 14:03:16,090 [INFO] ApiDb:261 - Set plugin images path to: C:\ST\STM32CubeIDE_1.18.0\STM32CubeIDE\plugins\com.st.stm32cube.common.mx_6.14.0.202502271554\\db\/plugins/mcufinder/images/
2025-03-10 14:03:16,090 [WARN] DbFile:41 - Overriding database path with different value: C:\Users\aryy\.stmcufinder\plugins\mcufinder/ => C:\Users\aryy\.stmcufinder\plugins\mcufinder
2025-03-10 14:03:16,091 [INFO] ApiDb:250 - Set database path to: C:\Users\aryy\.stmcufinder\plugins\mcufinder//mcu/
2025-03-10 14:03:16,091 [WARN] DbFile:41 - Overriding database path with different value: C:\Users\aryy\.stmcufinder\plugins\mcufinder/ => C:\Users\aryy\.stmcufinder\plugins\mcufinder
2025-03-10 14:03:16,091 [INFO] DbMcusAds:125 - Set database path to: C:\Users\aryy\.stmcufinder\plugins\mcufinder//mcu/
2025-03-10 14:03:16,091 [WARN] DbFile:41 - Overriding database path with different value: C:\Users\aryy\.stmcufinder\plugins\mcufinder/ => C:\Users\aryy\.stmcufinder\plugins\mcufinder
2025-03-10 14:03:16,091 [WARN] DbFile:41 - Overriding database path with different value: C:\Users\aryy\.stmcufinder\plugins\mcufinder/ => C:\Users\aryy\.stmcufinder\plugins\mcufinder
2025-03-10 14:03:16,091 [INFO] CrossReferenceDbSqlite:203 - Set database path to: C:\Users\aryy\.stmcufinder\plugins\mcufinder//mcu/cs/
2025-03-10 14:03:16,109 [INFO] ApplicationProperties:184 - Using Application install path: C:\ST\STM32CubeIDE_1.18.0\STM32CubeIDE\plugins\com.st.stm32cube.common.mx_6.14.0.202502271554
2025-03-10 14:03:16,111 [INFO] PluginManage:196 - Search for loadable plugins [exclusion list=, ]
2025-03-10 14:03:16,112 [INFO] PluginManage:310 - Check plugin analytics
2025-03-10 14:03:16,391 [INFO] AnalyticsPlugin:253 - Accepted Software Licenses: 
2025-03-10 14:03:16,392 [INFO] AnalyticsPlugin:255 - Accepted CMSIS Pack Licenses: 
2025-03-10 14:03:16,392 [INFO] AnalyticsPlugin:257 - Accepted Firmware Licenses: 
2025-03-10 14:03:16,398 [INFO] PluginManage:359 - Loaded plugin analytics (category:tool,tabindex:-1)
2025-03-10 14:03:16,398 [INFO] PluginManage:310 - Check plugin cadmodel
2025-03-10 14:03:16,408 [INFO] CADModel:105 - Init CAD model plugin
2025-03-10 14:03:16,408 [INFO] PluginManage:359 - Loaded plugin cadmodel (category:power,tabindex:5)
2025-03-10 14:03:16,408 [INFO] PluginManage:310 - Check plugin clock
2025-03-10 14:03:16,419 [INFO] PluginManage:359 - Loaded plugin clock (category:base,tabindex:2)
2025-03-10 14:03:16,419 [INFO] PluginManage:310 - Check plugin ddr
2025-03-10 14:03:16,422 [INFO] PluginManage:359 - Loaded plugin ddr (category:tool,tabindex:6)
2025-03-10 14:03:16,422 [INFO] PluginManage:310 - Check plugin filemanager
2025-03-10 14:03:16,564 [INFO] PluginManage:359 - Loaded plugin filemanager (category:base,tabindex:10)
2025-03-10 14:03:16,564 [INFO] PluginManage:310 - Check plugin ipmanager
2025-03-10 14:03:16,570 [INFO] PluginManage:359 - Loaded plugin ipmanager (category:base,tabindex:5)
2025-03-10 14:03:16,570 [INFO] PluginManage:310 - Check plugin lpbam
2025-03-10 14:03:16,577 [INFO] PluginManage:359 - Loaded plugin lpbam (category:base,tabindex:0)
2025-03-10 14:03:16,578 [INFO] PluginManage:310 - Check plugin memorymap
2025-03-10 14:03:16,594 [INFO] PluginManage:359 - Loaded plugin memorymap (category:base,tabindex:4)
2025-03-10 14:03:16,595 [INFO] PluginManage:310 - Check plugin pinoutandconfiguration
2025-03-10 14:03:16,603 [INFO] PluginManage:359 - Loaded plugin pinoutandconfiguration (category:base,tabindex:1)
2025-03-10 14:03:16,603 [INFO] PluginManage:310 - Check plugin pinoutconfig
2025-03-10 14:03:16,704 [WARN] SupportedApi:132 - Cannot load RTOS API schema: s4s-elt-must-match.1: The content of 'definitions' must match (annotation?, (simpleType | complexType)?, (unique | key | keyref)*)). A problem was found starting at: attribute.
2025-03-10 14:03:16,898 [INFO] PluginManage:359 - Loaded plugin pinoutconfig (category:base,tabindex:0)
2025-03-10 14:03:16,898 [INFO] PluginManage:310 - Check plugin power
2025-03-10 14:03:16,909 [INFO] PluginManage:359 - Loaded plugin power (category:power,tabindex:4)
2025-03-10 14:03:16,909 [INFO] PluginManage:310 - Check plugin projectmanager
2025-03-10 14:03:16,926 [INFO] PluginManage:359 - Loaded plugin projectmanager (category:projectmanager,tabindex:4)
2025-03-10 14:03:16,927 [INFO] PluginManage:310 - Check plugin rif
2025-03-10 14:03:16,942 [INFO] PluginManage:359 - Loaded plugin rif (category:base,tabindex:3)
2025-03-10 14:03:16,943 [INFO] PluginManage:310 - Check plugin thirdparty
2025-03-10 14:03:17,296 [WARN] IntegrityCheckThread:84 - waiting for thirdparty lock release [integrity check]
2025-03-10 14:03:17,296 [INFO] IntegrityCheckThread:86 - entering critical section [integrity check]
2025-03-10 14:03:17,297 [INFO] ThirdPartyUpdaterWithRetryManager:70 - Updater plugin not ready yet. [1/15]
2025-03-10 14:03:17,297 [INFO] PluginManage:359 - Loaded plugin thirdparty (category:base,tabindex:-1)
2025-03-10 14:03:17,297 [INFO] PluginManage:310 - Check plugin tools
2025-03-10 14:03:17,299 [INFO] PluginManage:359 - Loaded plugin tools (category:base,tabindex:7)
2025-03-10 14:03:17,300 [INFO] PluginManage:310 - Check plugin tutovideos
2025-03-10 14:03:17,473 [INFO] PluginManage:359 - Loaded plugin tutovideos (category:base,tabindex:-1)
2025-03-10 14:03:17,474 [INFO] PluginManage:310 - Check plugin updater
2025-03-10 14:03:17,502 [INFO] PluginManage:359 - Loaded plugin updater (category:base,tabindex:12)
2025-03-10 14:03:17,503 [INFO] PluginManage:310 - Check plugin userauth
2025-03-10 14:03:17,507 [INFO] UserAuth:118 - Init User Auth plugin
2025-03-10 14:03:17,509 [INFO] PluginManage:359 - Loaded plugin userauth (category:base,tabindex:14)
2025-03-10 14:03:17,510 [INFO] PluginManage:283 - PluginManage : Loaded plugins [18]
2025-03-10 14:03:17,730 [INFO] PinOutPanel:1589 - setPackage(No Configuration,No Configuration)
2025-03-10 14:03:17,811 [INFO] CADModel:165 - CPN selected for project level
2025-03-10 14:03:17,811 [INFO] CADModel:114 - Register for checkConnection events
2025-03-10 14:03:17,831 [INFO] IPUIPlugin:80 - create IPUIPlugin
2025-03-10 14:03:17,831 [INFO] PluginManager:220 - loadIPPluginJar : add adc
2025-03-10 14:03:17,834 [INFO] IPUIPlugin:80 - create IPUIPlugin
2025-03-10 14:03:17,835 [INFO] PluginManager:220 - loadIPPluginJar : add aes
2025-03-10 14:03:17,838 [INFO] IPUIPlugin:80 - create IPUIPlugin
2025-03-10 14:03:17,839 [INFO] PluginManager:220 - loadIPPluginJar : add can
2025-03-10 14:03:17,841 [INFO] IPUIPlugin:80 - create IPUIPlugin
2025-03-10 14:03:17,841 [INFO] PluginManager:220 - loadIPPluginJar : add comp
2025-03-10 14:03:17,844 [INFO] IPUIPlugin:80 - create IPUIPlugin
2025-03-10 14:03:17,844 [INFO] PluginManager:220 - loadIPPluginJar : add cryp
2025-03-10 14:03:17,848 [INFO] IPUIPlugin:80 - create IPUIPlugin
2025-03-10 14:03:17,848 [INFO] PluginManager:220 - loadIPPluginJar : add ddr_ctrl_phy
2025-03-10 14:03:17,850 [INFO] IPUIPlugin:80 - create IPUIPlugin
2025-03-10 14:03:17,850 [INFO] PluginManager:220 - loadIPPluginJar : add dfsdm
2025-03-10 14:03:17,856 [INFO] IPUIPlugin:80 - create IPUIPlugin
2025-03-10 14:03:17,856 [INFO] PluginManager:220 - loadIPPluginJar : add dma
2025-03-10 14:03:17,861 [INFO] IPUIPlugin:80 - create IPUIPlugin
2025-03-10 14:03:17,862 [INFO] PluginManager:220 - loadIPPluginJar : add dma3
2025-03-10 14:03:17,865 [INFO] IPUIPlugin:80 - create IPUIPlugin
2025-03-10 14:03:17,865 [INFO] PluginManager:220 - loadIPPluginJar : add extmemmanager
2025-03-10 14:03:17,866 [INFO] IPUIPlugin:80 - create IPUIPlugin
2025-03-10 14:03:17,866 [INFO] PluginManager:220 - loadIPPluginJar : add fatfs
2025-03-10 14:03:17,871 [INFO] IPUIPlugin:80 - create IPUIPlugin
2025-03-10 14:03:17,871 [INFO] PluginManager:220 - loadIPPluginJar : add fmc
2025-03-10 14:03:17,876 [INFO] IPUIPlugin:80 - create IPUIPlugin
2025-03-10 14:03:17,877 [INFO] PluginManager:220 - loadIPPluginJar : add freertos
2025-03-10 14:03:17,878 [INFO] IPUIPlugin:80 - create IPUIPlugin
2025-03-10 14:03:17,878 [INFO] PluginManager:220 - loadIPPluginJar : add genericplugin
2025-03-10 14:03:17,881 [INFO] IPUIPlugin:80 - create IPUIPlugin
2025-03-10 14:03:17,881 [INFO] PluginManager:220 - loadIPPluginJar : add gfxmmu
2025-03-10 14:03:17,886 [INFO] IPUIPlugin:80 - create IPUIPlugin
2025-03-10 14:03:17,886 [INFO] PluginManager:220 - loadIPPluginJar : add gic
2025-03-10 14:03:17,891 [INFO] IPUIPlugin:80 - create IPUIPlugin
2025-03-10 14:03:17,891 [INFO] PluginManager:220 - loadIPPluginJar : add gpio
2025-03-10 14:03:17,894 [INFO] IPUIPlugin:80 - create IPUIPlugin
2025-03-10 14:03:17,894 [INFO] PluginManager:220 - loadIPPluginJar : add gtzc
2025-03-10 14:03:17,899 [INFO] IPUIPlugin:80 - create IPUIPlugin
2025-03-10 14:03:17,899 [INFO] PluginManager:220 - loadIPPluginJar : add hash
2025-03-10 14:03:17,902 [INFO] IPUIPlugin:80 - create IPUIPlugin
2025-03-10 14:03:17,903 [INFO] PluginManager:220 - loadIPPluginJar : add i2c
2025-03-10 14:03:17,906 [INFO] IPUIPlugin:80 - create IPUIPlugin
2025-03-10 14:03:17,906 [INFO] PluginManager:220 - loadIPPluginJar : add i2s
2025-03-10 14:03:17,909 [INFO] IPUIPlugin:80 - create IPUIPlugin
2025-03-10 14:03:17,910 [INFO] PluginManager:220 - loadIPPluginJar : add i3c
2025-03-10 14:03:17,913 [INFO] IPUIPlugin:80 - create IPUIPlugin
2025-03-10 14:03:17,913 [INFO] PluginManager:220 - loadIPPluginJar : add ipddr
2025-03-10 14:03:17,922 [INFO] IPUIPlugin:80 - create IPUIPlugin
2025-03-10 14:03:17,922 [INFO] PluginManager:220 - loadIPPluginJar : add linkedlist
2025-03-10 14:03:17,926 [INFO] IPUIPlugin:80 - create IPUIPlugin
2025-03-10 14:03:17,926 [INFO] PluginManager:220 - loadIPPluginJar : add lorawan
2025-03-10 14:03:17,928 [INFO] IPUIPlugin:80 - create IPUIPlugin
2025-03-10 14:03:17,928 [INFO] PluginManager:220 - loadIPPluginJar : add ltdc
2025-03-10 14:03:17,937 [INFO] IPUIPlugin:80 - create IPUIPlugin
2025-03-10 14:03:17,938 [INFO] PluginManager:220 - loadIPPluginJar : add mdma
2025-03-10 14:03:17,943 [INFO] IPUIPlugin:80 - create IPUIPlugin
2025-03-10 14:03:17,943 [INFO] PluginManager:220 - loadIPPluginJar : add nvic
2025-03-10 14:03:17,947 [INFO] IPUIPlugin:80 - create IPUIPlugin
2025-03-10 14:03:17,947 [INFO] PluginManager:220 - loadIPPluginJar : add opamp
2025-03-10 14:03:17,951 [INFO] IPUIPlugin:80 - create IPUIPlugin
2025-03-10 14:03:17,951 [INFO] PluginManager:220 - loadIPPluginJar : add openamp
2025-03-10 14:03:17,954 [INFO] IPUIPlugin:80 - create IPUIPlugin
2025-03-10 14:03:17,954 [INFO] PluginManager:220 - loadIPPluginJar : add pdm2pcm
2025-03-10 14:03:17,960 [INFO] IPUIPlugin:80 - create IPUIPlugin
2025-03-10 14:03:17,962 [INFO] PluginManager:220 - loadIPPluginJar : add plateformsettings
2025-03-10 14:03:17,964 [INFO] IPUIPlugin:80 - create IPUIPlugin
2025-03-10 14:03:17,964 [INFO] PluginManager:220 - loadIPPluginJar : add quadspi
2025-03-10 14:03:17,966 [INFO] IPUIPlugin:80 - create IPUIPlugin
2025-03-10 14:03:17,967 [INFO] PluginManager:220 - loadIPPluginJar : add radio
2025-03-10 14:03:17,971 [INFO] IPUIPlugin:80 - create IPUIPlugin
2025-03-10 14:03:17,971 [INFO] PluginManager:220 - loadIPPluginJar : add resmgrutility
2025-03-10 14:03:17,974 [INFO] IPUIPlugin:80 - create IPUIPlugin
2025-03-10 14:03:17,974 [INFO] PluginManager:220 - loadIPPluginJar : add sai
2025-03-10 14:03:17,976 [INFO] IPUIPlugin:80 - create IPUIPlugin
2025-03-10 14:03:17,976 [INFO] PluginManager:220 - loadIPPluginJar : add spi
2025-03-10 14:03:17,982 [INFO] IPUIPlugin:80 - create IPUIPlugin
2025-03-10 14:03:17,982 [INFO] PluginManager:220 - loadIPPluginJar : add stm32_wpan
2025-03-10 14:03:17,985 [INFO] IPUIPlugin:80 - create IPUIPlugin
2025-03-10 14:03:17,985 [INFO] PluginManager:220 - loadIPPluginJar : add tim
2025-03-10 14:03:17,988 [INFO] IPUIPlugin:80 - create IPUIPlugin
2025-03-10 14:03:17,988 [INFO] PluginManager:220 - loadIPPluginJar : add touchsensing
2025-03-10 14:03:17,990 [INFO] IPUIPlugin:80 - create IPUIPlugin
2025-03-10 14:03:17,991 [INFO] PluginManager:220 - loadIPPluginJar : add tracer_emb
2025-03-10 14:03:17,993 [INFO] IPUIPlugin:80 - create IPUIPlugin
2025-03-10 14:03:17,993 [INFO] PluginManager:220 - loadIPPluginJar : add ts
2025-03-10 14:03:17,995 [INFO] IPUIPlugin:80 - create IPUIPlugin
2025-03-10 14:03:17,995 [INFO] PluginManager:220 - loadIPPluginJar : add tsc
2025-03-10 14:03:17,997 [INFO] IPUIPlugin:80 - create IPUIPlugin
2025-03-10 14:03:17,997 [INFO] PluginManager:220 - loadIPPluginJar : add ucpd
2025-03-10 14:03:18,000 [INFO] IPUIPlugin:80 - create IPUIPlugin
2025-03-10 14:03:18,000 [INFO] PluginManager:220 - loadIPPluginJar : add usart
2025-03-10 14:03:18,003 [INFO] IPUIPlugin:80 - create IPUIPlugin
2025-03-10 14:03:18,003 [INFO] PluginManager:220 - loadIPPluginJar : add usbx
2025-03-10 14:03:18,120 [FATAL] Updater:351 - Updater called before beeing initialized
2025-03-10 14:03:18,151 [INFO] RulesReader:64 - Compatibility file has been processed (301 Rules)
2025-03-10 14:03:18,166 [INFO] RulesReader:64 - Compatibility file has been processed (301 Rules)
2025-03-10 14:03:18,192 [INFO] CADModel:165 - CPN selected for project level
2025-03-10 14:03:18,192 [INFO] CADModel:114 - Register for checkConnection events
2025-03-10 14:03:18,192 [FATAL] Updater:351 - Updater called before beeing initialized
2025-03-10 14:03:18,192 [ERROR] CADModel:125 - Updater not yet initialized, retry later 
2025-03-10 14:03:18,483 [FATAL] Updater:351 - Updater called before beeing initialized
2025-03-10 14:03:18,489 [INFO] CADModel:165 - CPN selected for project level
2025-03-10 14:03:18,490 [INFO] CADModel:114 - Register for checkConnection events
2025-03-10 14:03:18,490 [FATAL] Updater:351 - Updater called before beeing initialized
2025-03-10 14:03:18,490 [ERROR] CADModel:125 - Updater not yet initialized, retry later 
2025-03-10 14:03:18,501 [FATAL] Updater:351 - Updater called before beeing initialized
2025-03-10 14:03:18,632 [FATAL] Updater:351 - Updater called before beeing initialized
2025-03-10 14:03:18,635 [INFO] DbMcusAds:53 - JSON generation date=Thu Mar 06 11:54:22 BRT 2025 (1741272862111)
2025-03-10 14:03:18,636 [FATAL] Updater:351 - Updater called before beeing initialized
2025-03-10 14:03:18,674 [WARN] DetailPanel:346 - Failed to get advertising image, set to default
2025-03-10 14:03:18,937 [FATAL] Updater:351 - Updater called before beeing initialized
2025-03-10 14:03:18,938 [FATAL] Updater:351 - Updater called before beeing initialized
2025-03-10 14:03:18,939 [FATAL] Updater:351 - Updater called before beeing initialized
2025-03-10 14:03:18,939 [WARN] DetailPanel:346 - Failed to get advertising image, set to default
2025-03-10 14:03:18,940 [FATAL] Updater:351 - Updater called before beeing initialized
2025-03-10 14:03:19,007 [ERROR] Updater:1198 - MainUpdater not yet initialized. External WinMGr cannot be set.
2025-03-10 14:03:19,009 [INFO] Updater:1134 - Updater Version found : 6.14.0
2025-03-10 14:03:19,032 [INFO] ApplicationProperties:184 - Using Application install path: C:\ST\STM32CubeIDE_1.18.0\STM32CubeIDE\plugins\com.st.stm32cube.common.mx_6.14.0.202502271554
2025-03-10 14:03:20,298 [INFO] ThirdPartyUpdaterWithRetryManager:70 - Updater plugin not ready yet. [2/15]
2025-03-10 14:03:20,616 [ERROR] LogOutputStream:75 - [STDERR_REDIRECT] Mar 10, 2025 2:03:20 PM java.util.prefs.WindowsPreferences <init>
2025-03-10 14:03:20,617 [ERROR] LogOutputStream:75 - [STDERR_REDIRECT] WARNING: Could not open/create prefs root node Software\JavaSoft\Prefs at root 0xffffffff80000002. Windows RegCreateKeyEx(...) returned error code 5.
2025-03-10 14:03:20,618 [ERROR] LogOutputStream:75 - [STDERR_REDIRECT] 
2025-03-10 14:03:20,885 [INFO] MainUpdater:2872 - connection check result : 10
2025-03-10 14:03:20,886 [INFO] MainUpdater:289 - Updater Check For Update Now.
2025-03-10 14:03:20,886 [INFO] MicroXplorer:498 - Change Database Version : DB.6.0.140
2025-03-10 14:03:20,894 [INFO] McuFinderGlobals:63 - Set McuFinder mode to 2 (CubeIDE integrated)
2025-03-10 14:03:20,895 [INFO] UserAuth:171 - activating auth plugin
2025-03-10 14:03:20,898 [INFO] UserAuth:486 - Internet connection configuration mode: 1
2025-03-10 14:03:20,929 [INFO] JxBrowserEngine:152 - Initiate JxBrowser Engine with user profile folder
2025-03-10 14:03:21,084 [INFO] CheckServerUpdateThread:120 - End of CheckServer Thread
2025-03-10 14:03:22,805 [INFO] WebApp:169 - Instantiating new browser for Auth
2025-03-10 14:03:23,551 [WARN] PackLoader:240 - Cannot read IP mode file for STMicroelectronics.FP-SNS-MOTENVWB1.1.4.0
2025-03-10 14:03:23,562 [WARN] PackLoader:240 - Cannot read IP mode file for STMicroelectronics.FP-ATR-ASTRA1.2.0.2
2025-03-10 14:03:23,573 [WARN] PackLoader:240 - Cannot read IP mode file for STMicroelectronics.X-CUBE-SMBUS.2.1.0
2025-03-10 14:03:23,582 [WARN] PackLoader:240 - Cannot read IP mode file for STMicroelectronics.X-CUBE-WB05N.1.1.0
2025-03-10 14:03:23,627 [WARN] PackLoader:240 - Cannot read IP mode file for STMicroelectronics.X-CUBE-AZRTOS-F7.1.1.0
2025-03-10 14:03:23,640 [WARN] PackLoader:240 - Cannot read IP mode file for STMicroelectronics.FP-SNS-FLIGHT1.5.0.2
2025-03-10 14:03:23,673 [WARN] PackLoader:240 - Cannot read IP mode file for Infineon.AIROC-Wi-Fi-Bluetooth-STM32.1.7.0
2025-03-10 14:03:23,690 [WARN] PackLoader:240 - Cannot read IP mode file for STMicroelectronics.X-CUBE-DISPLAY.3.0.0
2025-03-10 14:03:23,703 [WARN] PackLoader:240 - Cannot read IP mode file for STMicroelectronics.X-CUBE-NFC10.1.0.0
2025-03-10 14:03:23,715 [WARN] PackLoader:240 - Cannot read IP mode file for STMicroelectronics.X-CUBE-BLEMGR.4.0.0
2025-03-10 14:03:23,737 [WARN] PackLoader:240 - Cannot read IP mode file for emotas.I-CUBE-CANOPEN.1.3.0
2025-03-10 14:03:23,745 [WARN] ConditionMgr:438 - getConditionDescription Invalid condition id : Cortex-A Device cause : null
2025-03-10 14:03:23,758 [WARN] ConditionMgr:1044 - genDependencies : Invalid condition id : Cortex-A Device cause : null
2025-03-10 14:03:23,758 [WARN] ConditionMgr:1044 - genDependencies : Invalid condition id : Cortex-A Device cause : null
2025-03-10 14:03:23,759 [WARN] ConditionMgr:1044 - genDependencies : Invalid condition id : Cortex-A Device cause : null
2025-03-10 14:03:23,762 [WARN] PackLoader:240 - Cannot read IP mode file for STMicroelectronics.X-CUBE-AI.10.0.0
2025-03-10 14:03:23,767 [WARN] PackLoader:240 - Cannot read IP mode file for STMicroelectronics.FP-SNS-SMARTAG2.1.2.0
2025-03-10 14:03:23,807 [WARN] PackLoader:240 - Cannot read IP mode file for STMicroelectronics.X-CUBE-MEMS1.11.1.0
2025-03-10 14:03:23,961 [INFO] LogOutputStream:77 - [STDOUT_REDIRECT] 1 : Invalid condition id : UX_CORESTACK_Condition cause : null
2025-03-10 14:03:23,962 [INFO] LogOutputStream:77 - [STDOUT_REDIRECT] 1 : Invalid condition id : UX_CORESTACK_Condition cause : null
2025-03-10 14:03:23,963 [INFO] LogOutputStream:77 - [STDOUT_REDIRECT] 1 : Invalid condition id : UX_CORESTACK_Condition cause : null
2025-03-10 14:03:23,965 [INFO] LogOutputStream:77 - [STDOUT_REDIRECT] 1 : Invalid condition id : UX_CORESTACK_Condition cause : null
2025-03-10 14:03:23,966 [INFO] LogOutputStream:77 - [STDOUT_REDIRECT] 1 : Invalid condition id : UX_CORESTACK_Condition cause : null
2025-03-10 14:03:23,969 [WARN] PackLoader:240 - Cannot read IP mode file for STMicroelectronics.X-CUBE-AZRTOS-WL.2.0.0
2025-03-10 14:03:23,984 [WARN] PackLoader:240 - Cannot read IP mode file for STMicroelectronics.FP-SNS-MOTENV1.5.0.0
2025-03-10 14:03:24,007 [WARN] PackLoader:240 - Cannot read IP mode file for WES.I-CUBE-Cesium.1.3.0
2025-03-10 14:03:24,015 [WARN] PackLoader:240 - Cannot read IP mode file for STMicroelectronics.X-CUBE-BLE2.3.3.0
2025-03-10 14:03:24,030 [WARN] PackLoader:240 - Cannot read IP mode file for STMicroelectronics.X-CUBE-NFC9.1.0.0
2025-03-10 14:03:24,087 [WARN] PackLoader:240 - Cannot read IP mode file for STMicroelectronics.X-CUBE-BLE1.7.1.0
2025-03-10 14:03:24,100 [WARN] PackLoader:240 - Cannot read IP mode file for wolfSSL.I-CUBE-wolfMQTT.1.19.2
2025-03-10 14:03:24,117 [INFO] WebApp:463 - Apply proxy settings
2025-03-10 14:03:24,118 [INFO] WebApp:548 - Chromium requires no authentication
2025-03-10 14:03:24,158 [WARN] PackLoader:240 - Cannot read IP mode file for STMicroelectronics.X-CUBE-AZRTOS-G0.1.1.0
2025-03-10 14:03:24,171 [WARN] PackLoader:240 - Cannot read IP mode file for STMicroelectronics.X-CUBE-SAFEA1.1.2.2
2025-03-10 14:03:24,176 [INFO] WebApp:491 - Direct internet connection detected
2025-03-10 14:03:24,183 [WARN] PackLoader:240 - Cannot read IP mode file for STMicroelectronics.X-CUBE-NFC4.3.0.0
2025-03-10 14:03:24,200 [WARN] PackLoader:240 - Cannot read IP mode file for EmbeddedOffice.I-CUBE-FS-RTOS.1.0.1
2025-03-10 14:03:24,211 [WARN] PackLoader:240 - Cannot read IP mode file for wolfSSL.I-CUBE-wolfTPM.3.8.0
2025-03-10 14:03:24,224 [WARN] PackLoader:240 - Cannot read IP mode file for STMicroelectronics.X-CUBE-TCPP.4.2.0
2025-03-10 14:03:24,236 [WARN] PackLoader:240 - Cannot read IP mode file for RealThread.X-CUBE-RT-Thread_Nano.4.1.1
2025-03-10 14:03:24,262 [WARN] PackLoader:240 - Cannot read IP mode file for STMicroelectronics.FP-ATR-SIGFOX1.3.2.0
2025-03-10 14:03:24,272 [WARN] PackLoader:240 - Cannot read IP mode file for STMicroelectronics.X-CUBE-EEPRMA1.5.1.0
2025-03-10 14:03:24,281 [WARN] PackLoader:240 - Cannot read IP mode file for wolfSSL.I-CUBE-wolfSSL.5.7.6
2025-03-10 14:03:24,292 [WARN] PackLoader:240 - Cannot read IP mode file for ITTIA_DB.I-CUBE-ITTIADB.8.9.0
2025-03-10 14:03:24,296 [INFO] WebApp:894 - Register for checkConnection events
2025-03-10 14:03:24,296 [INFO] WebApp:463 - Apply proxy settings
2025-03-10 14:03:24,296 [INFO] WebApp:548 - Chromium requires no authentication
2025-03-10 14:03:24,297 [INFO] WebApp:491 - Direct internet connection detected
2025-03-10 14:03:24,322 [WARN] PackLoader:240 - Cannot read IP mode file for SEGGER.I-CUBE-embOS.1.3.1
2025-03-10 14:03:24,363 [WARN] PackLoader:240 - Cannot read IP mode file for STMicroelectronics.X-CUBE-ALGOBUILD.1.4.0
2025-03-10 14:03:24,385 [WARN] PackLoader:240 - Cannot read IP mode file for STMicroelectronics.X-CUBE-AZRTOS-F4.1.1.0
2025-03-10 14:03:24,401 [WARN] PackLoader:240 - Cannot read IP mode file for STMicroelectronics.X-CUBE-ISPU.2.1.0
2025-03-10 14:03:24,519 [WARN] PackLoader:240 - Cannot read IP mode file for STMicroelectronics.X-CUBE-AZRTOS-L5.2.0.0
2025-03-10 14:03:24,547 [WARN] PackLoader:240 - Cannot read IP mode file for STMicroelectronics.X-CUBE-NFC6.3.1.0
2025-03-10 14:03:24,552 [INFO] WebApp:191 - Connection restablished
2025-03-10 14:03:24,572 [WARN] PackLoader:240 - Cannot read IP mode file for STMicroelectronics.X-CUBE-DPower.1.2.0
2025-03-10 14:03:24,581 [WARN] PackLoader:240 - Cannot read IP mode file for STMicroelectronics.X-CUBE-FREERTOS.1.3.0
2025-03-10 14:03:24,587 [WARN] PackLoader:240 - Cannot read IP mode file for STMicroelectronics.X-CUBE-NFC7.1.0.1
2025-03-10 14:03:24,609 [WARN] ConditionMgr:438 - getConditionDescription Invalid condition id : LAN8742 Phy interface Condition cause : null
2025-03-10 14:03:24,610 [WARN] PackLoader:240 - Cannot read IP mode file for STMicroelectronics.X-CUBE-AZRTOS-L4.2.0.0
2025-03-10 14:03:24,611 [WARN] ConditionMgr:1044 - genDependencies : Invalid condition id : LAN8742 Phy interface Condition cause : null
2025-03-10 14:03:24,612 [WARN] ConditionMgr:1044 - genDependencies : Invalid condition id : LAN8742 Phy interface Condition cause : null
2025-03-10 14:03:24,612 [WARN] ConditionMgr:1044 - genDependencies : Invalid condition id : LAN8742 Phy interface Condition cause : null
2025-03-10 14:03:24,620 [WARN] PackLoader:240 - Cannot read IP mode file for STMicroelectronics.X-CUBE-SFXS2LP1.4.0.0
2025-03-10 14:03:24,644 [WARN] PackLoader:240 - Cannot read IP mode file for STMicroelectronics.X-CUBE-AZRTOS-H7.3.3.0
2025-03-10 14:03:24,668 [WARN] ConditionMgr:438 - getConditionDescription Invalid condition id : UX DEVICE CLASS RTOS Condition cause : null
2025-03-10 14:03:24,669 [WARN] ConditionMgr:438 - getConditionDescription Invalid condition id : UX DEVICE CLASS RTOS Condition cause : null
2025-03-10 14:03:24,671 [WARN] PackLoader:240 - Cannot read IP mode file for STMicroelectronics.X-CUBE-AZRTOS-WB.2.0.0
2025-03-10 14:03:24,672 [WARN] ConditionMgr:1044 - genDependencies : Invalid condition id : UX DEVICE CLASS RTOS Condition cause : null
2025-03-10 14:03:24,672 [WARN] ConditionMgr:1044 - genDependencies : Invalid condition id : UX DEVICE CLASS RTOS Condition cause : null
2025-03-10 14:03:24,672 [WARN] ConditionMgr:1044 - genDependencies : Invalid condition id : UX DEVICE CLASS RTOS Condition cause : null
2025-03-10 14:03:24,673 [WARN] ConditionMgr:1044 - genDependencies : Invalid condition id : UX DEVICE CLASS RTOS Condition cause : null
2025-03-10 14:03:24,673 [WARN] ConditionMgr:1044 - genDependencies : Invalid condition id : UX DEVICE CLASS RTOS Condition cause : null
2025-03-10 14:03:24,680 [WARN] PackLoader:240 - Cannot read IP mode file for STMicroelectronics.X-CUBE-GNSS1.7.0.1
2025-03-10 14:03:24,690 [WARN] PackLoader:240 - Cannot read IP mode file for STMicroelectronics.X-CUBE-TOUCHGFX.4.25.0
2025-03-10 14:03:24,701 [WARN] PackLoader:240 - Cannot read IP mode file for STMicroelectronics.FP-SNS-STBOX1.2.0.0
2025-03-10 14:03:24,715 [WARN] PackLoader:240 - Cannot read IP mode file for STMicroelectronics.X-CUBE-SUBG2.5.0.0
2025-03-10 14:03:24,723 [WARN] PackLoader:240 - Cannot read IP mode file for Cesanta.I-CUBE-Mongoose.7.13.0
2025-03-10 14:03:24,737 [WARN] PackLoader:240 - Cannot read IP mode file for STMicroelectronics.X-CUBE-AZRTOS-G4.2.0.0
2025-03-10 14:03:24,745 [WARN] PackLoader:240 - Cannot read IP mode file for wolfSSL.I-CUBE-wolfSSH.1.4.20
2025-03-10 14:03:24,758 [WARN] PackLoader:240 - Cannot read IP mode file for STMicroelectronics.X-CUBE-IPS.3.1.0
2025-03-10 14:03:24,769 [WARN] PackLoader:240 - Cannot read IP mode file for STMicroelectronics.X-CUBE-ALS.1.0.2
2025-03-10 14:03:24,775 [WARN] PackLoader:240 - Cannot read IP mode file for portGmbH.I-Cube-SoM-uGOAL.1.1.0
2025-03-10 14:03:24,791 [WARN] PackLoader:240 - Cannot read IP mode file for STMicroelectronics.X-CUBE-AZRTOS-H7RS.1.0.0
2025-03-10 14:03:24,804 [WARN] PackLoader:240 - Cannot read IP mode file for STMicroelectronics.X-CUBE-TOF1.3.4.2
2025-03-10 14:03:24,816 [INFO] ThirdParty:978 - Integrity check success = true
2025-03-10 14:03:24,817 [INFO] IntegrityCheckThread:100 - exiting critical section [integrity check]
2025-03-10 14:03:24,817 [INFO] IntegrityCheckThread:103 - End integrity checks thread
2025-03-10 14:03:24,975 [INFO] WebApp:225 - Starting web application
2025-03-10 14:03:24,976 [INFO] WebApp:593 - Web application path used C:\ST\STM32CubeIDE_1.18.0\STM32CubeIDE\plugins\com.st.stm32cube.common.mx_6.14.0.202502271554\db\plugins\mcufinder\reactClient1\index.html
2025-03-10 17:55:01,478 [ERROR] LogOutputStream:75 - [STDERR_REDIRECT] 
